

Started GET "/" for 127.0.0.1 at 2013-08-06 11:04:17 +0000
Processing by Rails::WelcomeController#index as */*
  Rendered /home/vagrant/.rvm/gems/ruby-2.0.0-p247/gems/railties-4.0.0/lib/rails/templates/rails/welcome/index.html.erb (12.7ms)
Completed 200 OK in 96ms (Views: 40.6ms | ActiveRecord: 0.0ms)


Started GET "/" for 127.0.0.1 at 2013-08-06 11:04:39 +0000
Processing by Rails::WelcomeController#index as */*
  Rendered /home/vagrant/.rvm/gems/ruby-2.0.0-p247/gems/railties-4.0.0/lib/rails/templates/rails/welcome/index.html.erb (0.2ms)
Completed 200 OK in 6ms (Views: 5.1ms | ActiveRecord: 0.0ms)


Started GET "/" for 127.0.0.1 at 2013-08-06 11:04:52 +0000
Processing by Rails::WelcomeController#index as */*
  Rendered /home/vagrant/.rvm/gems/ruby-2.0.0-p247/gems/railties-4.0.0/lib/rails/templates/rails/welcome/index.html.erb (0.1ms)
Completed 200 OK in 4ms (Views: 3.5ms | ActiveRecord: 0.0ms)


Started GET "/" for 10.0.2.2 at 2013-08-06 11:25:00 +0000
Processing by Rails::WelcomeController#index as HTML
  Rendered /home/vagrant/.rvm/gems/ruby-2.0.0-p247/gems/railties-4.0.0/lib/rails/templates/rails/welcome/index.html.erb (4.5ms)
Completed 200 OK in 59ms (Views: 22.0ms | ActiveRecord: 0.0ms)


Started GET "/" for 10.0.2.2 at 2013-08-06 11:30:12 +0000
Processing by Rails::WelcomeController#index as HTML
  Rendered /home/vagrant/.rvm/gems/ruby-2.0.0-p247/gems/railties-4.0.0/lib/rails/templates/rails/welcome/index.html.erb (3.8ms)
Completed 200 OK in 47ms (Views: 20.8ms | ActiveRecord: 0.0ms)


Started GET "/" for 10.0.2.2 at 2013-08-06 11:30:13 +0000
Processing by Rails::WelcomeController#index as HTML
  Rendered /home/vagrant/.rvm/gems/ruby-2.0.0-p247/gems/railties-4.0.0/lib/rails/templates/rails/welcome/index.html.erb (0.1ms)
Completed 200 OK in 3ms (Views: 2.6ms | ActiveRecord: 0.0ms)


Started GET "/" for 10.0.2.2 at 2013-08-06 11:32:34 +0000
Processing by Rails::WelcomeController#index as HTML
  Rendered /home/vagrant/.rvm/gems/ruby-2.0.0-p247/gems/railties-4.0.0/lib/rails/templates/rails/welcome/index.html.erb (0.1ms)
Completed 200 OK in 2ms (Views: 1.9ms | ActiveRecord: 0.0ms)


Started GET "/" for 10.0.2.2 at 2013-08-06 11:32:34 +0000
Processing by Rails::WelcomeController#index as HTML
  Rendered /home/vagrant/.rvm/gems/ruby-2.0.0-p247/gems/railties-4.0.0/lib/rails/templates/rails/welcome/index.html.erb (0.1ms)
Completed 200 OK in 2ms (Views: 2.0ms | ActiveRecord: 0.0ms)


Started GET "/" for 10.0.2.2 at 2013-08-06 11:32:34 +0000
Processing by Rails::WelcomeController#index as HTML
  Rendered /home/vagrant/.rvm/gems/ruby-2.0.0-p247/gems/railties-4.0.0/lib/rails/templates/rails/welcome/index.html.erb (0.1ms)
Completed 200 OK in 2ms (Views: 1.7ms | ActiveRecord: 0.0ms)


Started GET "/" for 10.0.2.2 at 2013-08-06 11:32:35 +0000
Processing by Rails::WelcomeController#index as HTML
  Rendered /home/vagrant/.rvm/gems/ruby-2.0.0-p247/gems/railties-4.0.0/lib/rails/templates/rails/welcome/index.html.erb (0.1ms)
Completed 200 OK in 2ms (Views: 1.5ms | ActiveRecord: 0.0ms)


Started GET "/" for 10.0.2.2 at 2013-08-06 11:32:35 +0000
Processing by Rails::WelcomeController#index as HTML
  Rendered /home/vagrant/.rvm/gems/ruby-2.0.0-p247/gems/railties-4.0.0/lib/rails/templates/rails/welcome/index.html.erb (0.1ms)
Completed 200 OK in 2ms (Views: 1.9ms | ActiveRecord: 0.0ms)


Started GET "/" for 10.0.2.2 at 2013-08-06 11:32:35 +0000
Processing by Rails::WelcomeController#index as HTML
  Rendered /home/vagrant/.rvm/gems/ruby-2.0.0-p247/gems/railties-4.0.0/lib/rails/templates/rails/welcome/index.html.erb (0.1ms)
Completed 200 OK in 2ms (Views: 1.7ms | ActiveRecord: 0.0ms)


Started GET "/" for 10.0.2.2 at 2013-08-06 11:32:35 +0000
Processing by Rails::WelcomeController#index as HTML
  Rendered /home/vagrant/.rvm/gems/ruby-2.0.0-p247/gems/railties-4.0.0/lib/rails/templates/rails/welcome/index.html.erb (0.1ms)
Completed 200 OK in 2ms (Views: 1.5ms | ActiveRecord: 0.0ms)


Started GET "/" for 10.0.2.2 at 2013-08-06 11:32:36 +0000
Processing by Rails::WelcomeController#index as HTML
  Rendered /home/vagrant/.rvm/gems/ruby-2.0.0-p247/gems/railties-4.0.0/lib/rails/templates/rails/welcome/index.html.erb (0.1ms)
Completed 200 OK in 2ms (Views: 2.0ms | ActiveRecord: 0.0ms)


Started GET "/" for 10.0.2.2 at 2013-08-06 11:32:36 +0000
Processing by Rails::WelcomeController#index as HTML
  Rendered /home/vagrant/.rvm/gems/ruby-2.0.0-p247/gems/railties-4.0.0/lib/rails/templates/rails/welcome/index.html.erb (0.2ms)
Completed 200 OK in 2ms (Views: 1.9ms | ActiveRecord: 0.0ms)


Started GET "/" for 10.0.2.2 at 2013-08-06 11:32:36 +0000
Processing by Rails::WelcomeController#index as HTML
  Rendered /home/vagrant/.rvm/gems/ruby-2.0.0-p247/gems/railties-4.0.0/lib/rails/templates/rails/welcome/index.html.erb (0.1ms)
Completed 200 OK in 2ms (Views: 1.5ms | ActiveRecord: 0.0ms)


Started GET "/" for 10.0.2.2 at 2013-08-06 11:32:36 +0000
Processing by Rails::WelcomeController#index as HTML
  Rendered /home/vagrant/.rvm/gems/ruby-2.0.0-p247/gems/railties-4.0.0/lib/rails/templates/rails/welcome/index.html.erb (0.1ms)
Completed 200 OK in 2ms (Views: 1.5ms | ActiveRecord: 0.0ms)


Started GET "/" for 10.0.2.2 at 2013-08-06 11:32:36 +0000
Processing by Rails::WelcomeController#index as HTML
  Rendered /home/vagrant/.rvm/gems/ruby-2.0.0-p247/gems/railties-4.0.0/lib/rails/templates/rails/welcome/index.html.erb (0.1ms)
Completed 200 OK in 2ms (Views: 1.8ms | ActiveRecord: 0.0ms)


Started GET "/" for 10.0.2.2 at 2013-08-06 11:32:37 +0000
Processing by Rails::WelcomeController#index as HTML
  Rendered /home/vagrant/.rvm/gems/ruby-2.0.0-p247/gems/railties-4.0.0/lib/rails/templates/rails/welcome/index.html.erb (0.1ms)
Completed 200 OK in 2ms (Views: 1.6ms | ActiveRecord: 0.0ms)


Started GET "/" for 10.0.2.2 at 2013-08-06 11:32:50 +0000
Processing by Rails::WelcomeController#index as HTML
  Rendered /home/vagrant/.rvm/gems/ruby-2.0.0-p247/gems/railties-4.0.0/lib/rails/templates/rails/welcome/index.html.erb (0.1ms)
Completed 200 OK in 2ms (Views: 1.6ms | ActiveRecord: 0.0ms)


Started GET "/" for 10.0.2.2 at 2013-08-06 11:32:51 +0000
Processing by Rails::WelcomeController#index as HTML
  Rendered /home/vagrant/.rvm/gems/ruby-2.0.0-p247/gems/railties-4.0.0/lib/rails/templates/rails/welcome/index.html.erb (0.1ms)
Completed 200 OK in 2ms (Views: 1.6ms | ActiveRecord: 0.0ms)


Started GET "/" for 10.0.2.2 at 2013-08-06 11:32:51 +0000
Processing by Rails::WelcomeController#index as HTML
  Rendered /home/vagrant/.rvm/gems/ruby-2.0.0-p247/gems/railties-4.0.0/lib/rails/templates/rails/welcome/index.html.erb (0.1ms)
Completed 200 OK in 2ms (Views: 2.3ms | ActiveRecord: 0.0ms)


Started GET "/" for 10.0.2.2 at 2013-08-06 11:32:51 +0000
Processing by Rails::WelcomeController#index as HTML
  Rendered /home/vagrant/.rvm/gems/ruby-2.0.0-p247/gems/railties-4.0.0/lib/rails/templates/rails/welcome/index.html.erb (0.1ms)
Completed 200 OK in 3ms (Views: 2.1ms | ActiveRecord: 0.0ms)


Started GET "/" for 10.0.2.2 at 2013-08-06 11:32:51 +0000
Processing by Rails::WelcomeController#index as HTML
  Rendered /home/vagrant/.rvm/gems/ruby-2.0.0-p247/gems/railties-4.0.0/lib/rails/templates/rails/welcome/index.html.erb (0.1ms)
Completed 200 OK in 25ms (Views: 24.3ms | ActiveRecord: 0.0ms)


Started GET "/" for 10.0.2.2 at 2013-08-06 11:32:52 +0000
Processing by Rails::WelcomeController#index as HTML
  Rendered /home/vagrant/.rvm/gems/ruby-2.0.0-p247/gems/railties-4.0.0/lib/rails/templates/rails/welcome/index.html.erb (0.0ms)
Completed 200 OK in 2ms (Views: 1.5ms | ActiveRecord: 0.0ms)


Started GET "/" for 10.0.2.2 at 2013-08-06 11:32:52 +0000
Processing by Rails::WelcomeController#index as HTML
  Rendered /home/vagrant/.rvm/gems/ruby-2.0.0-p247/gems/railties-4.0.0/lib/rails/templates/rails/welcome/index.html.erb (0.0ms)
Completed 200 OK in 2ms (Views: 1.7ms | ActiveRecord: 0.0ms)


Started GET "/" for 10.0.2.2 at 2013-08-06 11:32:52 +0000
Processing by Rails::WelcomeController#index as HTML
  Rendered /home/vagrant/.rvm/gems/ruby-2.0.0-p247/gems/railties-4.0.0/lib/rails/templates/rails/welcome/index.html.erb (0.1ms)
Completed 200 OK in 3ms (Views: 2.1ms | ActiveRecord: 0.0ms)


Started GET "/" for 10.0.2.2 at 2013-08-06 11:32:52 +0000
Processing by Rails::WelcomeController#index as HTML
  Rendered /home/vagrant/.rvm/gems/ruby-2.0.0-p247/gems/railties-4.0.0/lib/rails/templates/rails/welcome/index.html.erb (0.0ms)
Completed 200 OK in 2ms (Views: 1.7ms | ActiveRecord: 0.0ms)


Started GET "/" for 10.0.2.2 at 2013-08-06 11:32:53 +0000
Processing by Rails::WelcomeController#index as HTML
  Rendered /home/vagrant/.rvm/gems/ruby-2.0.0-p247/gems/railties-4.0.0/lib/rails/templates/rails/welcome/index.html.erb (0.0ms)
Completed 200 OK in 2ms (Views: 1.7ms | ActiveRecord: 0.0ms)


Started GET "/" for 10.0.2.2 at 2013-08-06 11:32:53 +0000
Processing by Rails::WelcomeController#index as HTML
  Rendered /home/vagrant/.rvm/gems/ruby-2.0.0-p247/gems/railties-4.0.0/lib/rails/templates/rails/welcome/index.html.erb (0.1ms)
Completed 200 OK in 6ms (Views: 4.3ms | ActiveRecord: 0.0ms)


Started GET "/" for 10.0.2.2 at 2013-08-06 11:32:53 +0000
Processing by Rails::WelcomeController#index as HTML
  Rendered /home/vagrant/.rvm/gems/ruby-2.0.0-p247/gems/railties-4.0.0/lib/rails/templates/rails/welcome/index.html.erb (0.0ms)
Completed 200 OK in 2ms (Views: 1.7ms | ActiveRecord: 0.0ms)


Started GET "/" for 10.0.2.2 at 2013-08-06 11:32:56 +0000
Processing by Rails::WelcomeController#index as HTML
  Rendered /home/vagrant/.rvm/gems/ruby-2.0.0-p247/gems/railties-4.0.0/lib/rails/templates/rails/welcome/index.html.erb (0.1ms)
Completed 200 OK in 3ms (Views: 2.2ms | ActiveRecord: 0.0ms)


Started GET "/" for 10.0.2.2 at 2013-08-06 11:32:56 +0000
Processing by Rails::WelcomeController#index as HTML
  Rendered /home/vagrant/.rvm/gems/ruby-2.0.0-p247/gems/railties-4.0.0/lib/rails/templates/rails/welcome/index.html.erb (0.0ms)
Completed 200 OK in 2ms (Views: 1.6ms | ActiveRecord: 0.0ms)


Started GET "/" for 10.0.2.2 at 2013-08-06 11:41:21 +0000
Processing by Rails::WelcomeController#index as HTML
  Rendered /home/vagrant/.rvm/gems/ruby-2.0.0-p247/gems/railties-4.0.0/lib/rails/templates/rails/welcome/index.html.erb (0.1ms)
Completed 200 OK in 2ms (Views: 1.6ms | ActiveRecord: 0.0ms)


Started GET "/" for 10.0.2.2 at 2013-08-06 11:55:11 +0000
Processing by WelcomeController#index as HTML
  Rendered welcome/index.html.erb within layouts/application (1.0ms)
Completed 200 OK in 595ms (Views: 593.9ms | ActiveRecord: 0.0ms)


Started GET "/assets/jquery_ujs.js?body=1" for 10.0.2.2 at 2013-08-06 11:55:12 +0000


Started GET "/assets/welcome.css?body=1" for 10.0.2.2 at 2013-08-06 11:55:12 +0000


Started GET "/assets/application.css?body=1" for 10.0.2.2 at 2013-08-06 11:55:12 +0000


Started GET "/assets/turbolinks.js?body=1" for 10.0.2.2 at 2013-08-06 11:55:12 +0000


Started GET "/assets/jquery.js?body=1" for 10.0.2.2 at 2013-08-06 11:55:12 +0000


Started GET "/assets/application.js?body=1" for 10.0.2.2 at 2013-08-06 11:55:12 +0000


Started GET "/assets/welcome.js?body=1" for 10.0.2.2 at 2013-08-06 11:55:12 +0000


Started GET "/" for 10.0.2.2 at 2013-08-06 11:59:36 +0000
Processing by WelcomeController#index as HTML
  Rendered welcome/index.html.erb within layouts/application (0.1ms)
Completed 200 OK in 54ms (Views: 52.2ms | ActiveRecord: 0.0ms)


Started GET "/assets/turbolinks.js?body=1" for 10.0.2.2 at 2013-08-06 11:59:36 +0000


Started GET "/assets/jquery_ujs.js?body=1" for 10.0.2.2 at 2013-08-06 11:59:36 +0000


Started GET "/assets/welcome.css?body=1" for 10.0.2.2 at 2013-08-06 11:59:36 +0000


Started GET "/assets/application.js?body=1" for 10.0.2.2 at 2013-08-06 11:59:36 +0000


Started GET "/assets/jquery.js?body=1" for 10.0.2.2 at 2013-08-06 11:59:36 +0000


Started GET "/assets/application.css?body=1" for 10.0.2.2 at 2013-08-06 11:59:36 +0000


Started GET "/assets/welcome.js?body=1" for 10.0.2.2 at 2013-08-06 11:59:36 +0000


Started GET "/" for 10.0.2.2 at 2013-08-06 12:03:35 +0000
Processing by WelcomeController#index as HTML
  Rendered welcome/index.html.erb within layouts/application (0.1ms)
Completed 200 OK in 57ms (Views: 55.9ms | ActiveRecord: 0.0ms)


Started GET "/assets/welcome.css?body=1" for 10.0.2.2 at 2013-08-06 12:03:35 +0000


Started GET "/assets/turbolinks.js?body=1" for 10.0.2.2 at 2013-08-06 12:03:35 +0000


Started GET "/assets/jquery.js?body=1" for 10.0.2.2 at 2013-08-06 12:03:35 +0000


Started GET "/assets/jquery_ujs.js?body=1" for 10.0.2.2 at 2013-08-06 12:03:35 +0000


Started GET "/assets/application.css?body=1" for 10.0.2.2 at 2013-08-06 12:03:35 +0000


Started GET "/assets/application.js?body=1" for 10.0.2.2 at 2013-08-06 12:03:35 +0000


Started GET "/assets/welcome.js?body=1" for 10.0.2.2 at 2013-08-06 12:03:35 +0000


Started GET "/posts/new" for 10.0.2.2 at 2013-08-06 12:06:38 +0000

AbstractController::ActionNotFound (The action 'new' could not be found for PostsController):
  actionpack (4.0.0) lib/abstract_controller/base.rb:131:in `process'
  actionpack (4.0.0) lib/abstract_controller/rendering.rb:44:in `process'
  actionpack (4.0.0) lib/action_controller/metal.rb:195:in `dispatch'
  actionpack (4.0.0) lib/action_controller/metal/rack_delegation.rb:13:in `dispatch'
  actionpack (4.0.0) lib/action_controller/metal.rb:231:in `block in action'
  actionpack (4.0.0) lib/action_dispatch/routing/route_set.rb:80:in `call'
  actionpack (4.0.0) lib/action_dispatch/routing/route_set.rb:80:in `dispatch'
  actionpack (4.0.0) lib/action_dispatch/routing/route_set.rb:48:in `call'
  actionpack (4.0.0) lib/action_dispatch/journey/router.rb:71:in `block in call'
  actionpack (4.0.0) lib/action_dispatch/journey/router.rb:59:in `each'
  actionpack (4.0.0) lib/action_dispatch/journey/router.rb:59:in `call'
  actionpack (4.0.0) lib/action_dispatch/routing/route_set.rb:655:in `call'
  rack (1.5.2) lib/rack/etag.rb:23:in `call'
  rack (1.5.2) lib/rack/conditionalget.rb:25:in `call'
  rack (1.5.2) lib/rack/head.rb:11:in `call'
  actionpack (4.0.0) lib/action_dispatch/middleware/params_parser.rb:27:in `call'
  actionpack (4.0.0) lib/action_dispatch/middleware/flash.rb:241:in `call'
  rack (1.5.2) lib/rack/session/abstract/id.rb:225:in `context'
  rack (1.5.2) lib/rack/session/abstract/id.rb:220:in `call'
  actionpack (4.0.0) lib/action_dispatch/middleware/cookies.rb:486:in `call'
  activerecord (4.0.0) lib/active_record/query_cache.rb:36:in `call'
  activerecord (4.0.0) lib/active_record/connection_adapters/abstract/connection_pool.rb:626:in `call'
  activerecord (4.0.0) lib/active_record/migration.rb:369:in `call'
  actionpack (4.0.0) lib/action_dispatch/middleware/callbacks.rb:29:in `block in call'
  activesupport (4.0.0) lib/active_support/callbacks.rb:373:in `_run__3231789718988316199__call__callbacks'
  activesupport (4.0.0) lib/active_support/callbacks.rb:80:in `run_callbacks'
  actionpack (4.0.0) lib/action_dispatch/middleware/callbacks.rb:27:in `call'
  actionpack (4.0.0) lib/action_dispatch/middleware/reloader.rb:64:in `call'
  actionpack (4.0.0) lib/action_dispatch/middleware/remote_ip.rb:76:in `call'
  actionpack (4.0.0) lib/action_dispatch/middleware/debug_exceptions.rb:17:in `call'
  actionpack (4.0.0) lib/action_dispatch/middleware/show_exceptions.rb:30:in `call'
  railties (4.0.0) lib/rails/rack/logger.rb:38:in `call_app'
  railties (4.0.0) lib/rails/rack/logger.rb:21:in `block in call'
  activesupport (4.0.0) lib/active_support/tagged_logging.rb:67:in `block in tagged'
  activesupport (4.0.0) lib/active_support/tagged_logging.rb:25:in `tagged'
  activesupport (4.0.0) lib/active_support/tagged_logging.rb:67:in `tagged'
  railties (4.0.0) lib/rails/rack/logger.rb:21:in `call'
  actionpack (4.0.0) lib/action_dispatch/middleware/request_id.rb:21:in `call'
  rack (1.5.2) lib/rack/methodoverride.rb:21:in `call'
  rack (1.5.2) lib/rack/runtime.rb:17:in `call'
  activesupport (4.0.0) lib/active_support/cache/strategy/local_cache.rb:83:in `call'
  rack (1.5.2) lib/rack/lock.rb:17:in `call'
  actionpack (4.0.0) lib/action_dispatch/middleware/static.rb:64:in `call'
  railties (4.0.0) lib/rails/engine.rb:511:in `call'
  railties (4.0.0) lib/rails/application.rb:97:in `call'
  rack (1.5.2) lib/rack/lock.rb:17:in `call'
  rack (1.5.2) lib/rack/content_length.rb:14:in `call'
  rack (1.5.2) lib/rack/handler/webrick.rb:60:in `service'
  /home/vagrant/.rvm/rubies/ruby-2.0.0-p247/lib/ruby/2.0.0/webrick/httpserver.rb:138:in `service'
  /home/vagrant/.rvm/rubies/ruby-2.0.0-p247/lib/ruby/2.0.0/webrick/httpserver.rb:94:in `run'
  /home/vagrant/.rvm/rubies/ruby-2.0.0-p247/lib/ruby/2.0.0/webrick/server.rb:295:in `block in start_thread'


  Rendered /home/vagrant/.rvm/gems/ruby-2.0.0-p247/gems/actionpack-4.0.0/lib/action_dispatch/middleware/templates/rescues/unknown_action.erb within rescues/layout (0.5ms)


Started GET "/posts/new" for 10.0.2.2 at 2013-08-06 12:07:08 +0000

AbstractController::ActionNotFound (The action 'new' could not be found for PostsController):
  actionpack (4.0.0) lib/abstract_controller/base.rb:131:in `process'
  actionpack (4.0.0) lib/abstract_controller/rendering.rb:44:in `process'
  actionpack (4.0.0) lib/action_controller/metal.rb:195:in `dispatch'
  actionpack (4.0.0) lib/action_controller/metal/rack_delegation.rb:13:in `dispatch'
  actionpack (4.0.0) lib/action_controller/metal.rb:231:in `block in action'
  actionpack (4.0.0) lib/action_dispatch/routing/route_set.rb:80:in `call'
  actionpack (4.0.0) lib/action_dispatch/routing/route_set.rb:80:in `dispatch'
  actionpack (4.0.0) lib/action_dispatch/routing/route_set.rb:48:in `call'
  actionpack (4.0.0) lib/action_dispatch/journey/router.rb:71:in `block in call'
  actionpack (4.0.0) lib/action_dispatch/journey/router.rb:59:in `each'
  actionpack (4.0.0) lib/action_dispatch/journey/router.rb:59:in `call'
  actionpack (4.0.0) lib/action_dispatch/routing/route_set.rb:655:in `call'
  rack (1.5.2) lib/rack/etag.rb:23:in `call'
  rack (1.5.2) lib/rack/conditionalget.rb:25:in `call'
  rack (1.5.2) lib/rack/head.rb:11:in `call'
  actionpack (4.0.0) lib/action_dispatch/middleware/params_parser.rb:27:in `call'
  actionpack (4.0.0) lib/action_dispatch/middleware/flash.rb:241:in `call'
  rack (1.5.2) lib/rack/session/abstract/id.rb:225:in `context'
  rack (1.5.2) lib/rack/session/abstract/id.rb:220:in `call'
  actionpack (4.0.0) lib/action_dispatch/middleware/cookies.rb:486:in `call'
  activerecord (4.0.0) lib/active_record/query_cache.rb:36:in `call'
  activerecord (4.0.0) lib/active_record/connection_adapters/abstract/connection_pool.rb:626:in `call'
  activerecord (4.0.0) lib/active_record/migration.rb:369:in `call'
  actionpack (4.0.0) lib/action_dispatch/middleware/callbacks.rb:29:in `block in call'
  activesupport (4.0.0) lib/active_support/callbacks.rb:373:in `_run__3231789718988316199__call__callbacks'
  activesupport (4.0.0) lib/active_support/callbacks.rb:80:in `run_callbacks'
  actionpack (4.0.0) lib/action_dispatch/middleware/callbacks.rb:27:in `call'
  actionpack (4.0.0) lib/action_dispatch/middleware/reloader.rb:64:in `call'
  actionpack (4.0.0) lib/action_dispatch/middleware/remote_ip.rb:76:in `call'
  actionpack (4.0.0) lib/action_dispatch/middleware/debug_exceptions.rb:17:in `call'
  actionpack (4.0.0) lib/action_dispatch/middleware/show_exceptions.rb:30:in `call'
  railties (4.0.0) lib/rails/rack/logger.rb:38:in `call_app'
  railties (4.0.0) lib/rails/rack/logger.rb:21:in `block in call'
  activesupport (4.0.0) lib/active_support/tagged_logging.rb:67:in `block in tagged'
  activesupport (4.0.0) lib/active_support/tagged_logging.rb:25:in `tagged'
  activesupport (4.0.0) lib/active_support/tagged_logging.rb:67:in `tagged'
  railties (4.0.0) lib/rails/rack/logger.rb:21:in `call'
  actionpack (4.0.0) lib/action_dispatch/middleware/request_id.rb:21:in `call'
  rack (1.5.2) lib/rack/methodoverride.rb:21:in `call'
  rack (1.5.2) lib/rack/runtime.rb:17:in `call'
  activesupport (4.0.0) lib/active_support/cache/strategy/local_cache.rb:83:in `call'
  rack (1.5.2) lib/rack/lock.rb:17:in `call'
  actionpack (4.0.0) lib/action_dispatch/middleware/static.rb:64:in `call'
  railties (4.0.0) lib/rails/engine.rb:511:in `call'
  railties (4.0.0) lib/rails/application.rb:97:in `call'
  rack (1.5.2) lib/rack/lock.rb:17:in `call'
  rack (1.5.2) lib/rack/content_length.rb:14:in `call'
  rack (1.5.2) lib/rack/handler/webrick.rb:60:in `service'
  /home/vagrant/.rvm/rubies/ruby-2.0.0-p247/lib/ruby/2.0.0/webrick/httpserver.rb:138:in `service'
  /home/vagrant/.rvm/rubies/ruby-2.0.0-p247/lib/ruby/2.0.0/webrick/httpserver.rb:94:in `run'
  /home/vagrant/.rvm/rubies/ruby-2.0.0-p247/lib/ruby/2.0.0/webrick/server.rb:295:in `block in start_thread'


  Rendered /home/vagrant/.rvm/gems/ruby-2.0.0-p247/gems/actionpack-4.0.0/lib/action_dispatch/middleware/templates/rescues/unknown_action.erb within rescues/layout (0.7ms)


Started GET "/posts/new" for 10.0.2.2 at 2013-08-06 12:07:10 +0000

AbstractController::ActionNotFound (The action 'new' could not be found for PostsController):
  actionpack (4.0.0) lib/abstract_controller/base.rb:131:in `process'
  actionpack (4.0.0) lib/abstract_controller/rendering.rb:44:in `process'
  actionpack (4.0.0) lib/action_controller/metal.rb:195:in `dispatch'
  actionpack (4.0.0) lib/action_controller/metal/rack_delegation.rb:13:in `dispatch'
  actionpack (4.0.0) lib/action_controller/metal.rb:231:in `block in action'
  actionpack (4.0.0) lib/action_dispatch/routing/route_set.rb:80:in `call'
  actionpack (4.0.0) lib/action_dispatch/routing/route_set.rb:80:in `dispatch'
  actionpack (4.0.0) lib/action_dispatch/routing/route_set.rb:48:in `call'
  actionpack (4.0.0) lib/action_dispatch/journey/router.rb:71:in `block in call'
  actionpack (4.0.0) lib/action_dispatch/journey/router.rb:59:in `each'
  actionpack (4.0.0) lib/action_dispatch/journey/router.rb:59:in `call'
  actionpack (4.0.0) lib/action_dispatch/routing/route_set.rb:655:in `call'
  rack (1.5.2) lib/rack/etag.rb:23:in `call'
  rack (1.5.2) lib/rack/conditionalget.rb:25:in `call'
  rack (1.5.2) lib/rack/head.rb:11:in `call'
  actionpack (4.0.0) lib/action_dispatch/middleware/params_parser.rb:27:in `call'
  actionpack (4.0.0) lib/action_dispatch/middleware/flash.rb:241:in `call'
  rack (1.5.2) lib/rack/session/abstract/id.rb:225:in `context'
  rack (1.5.2) lib/rack/session/abstract/id.rb:220:in `call'
  actionpack (4.0.0) lib/action_dispatch/middleware/cookies.rb:486:in `call'
  activerecord (4.0.0) lib/active_record/query_cache.rb:36:in `call'
  activerecord (4.0.0) lib/active_record/connection_adapters/abstract/connection_pool.rb:626:in `call'
  activerecord (4.0.0) lib/active_record/migration.rb:369:in `call'
  actionpack (4.0.0) lib/action_dispatch/middleware/callbacks.rb:29:in `block in call'
  activesupport (4.0.0) lib/active_support/callbacks.rb:373:in `_run__3231789718988316199__call__callbacks'
  activesupport (4.0.0) lib/active_support/callbacks.rb:80:in `run_callbacks'
  actionpack (4.0.0) lib/action_dispatch/middleware/callbacks.rb:27:in `call'
  actionpack (4.0.0) lib/action_dispatch/middleware/reloader.rb:64:in `call'
  actionpack (4.0.0) lib/action_dispatch/middleware/remote_ip.rb:76:in `call'
  actionpack (4.0.0) lib/action_dispatch/middleware/debug_exceptions.rb:17:in `call'
  actionpack (4.0.0) lib/action_dispatch/middleware/show_exceptions.rb:30:in `call'
  railties (4.0.0) lib/rails/rack/logger.rb:38:in `call_app'
  railties (4.0.0) lib/rails/rack/logger.rb:21:in `block in call'
  activesupport (4.0.0) lib/active_support/tagged_logging.rb:67:in `block in tagged'
  activesupport (4.0.0) lib/active_support/tagged_logging.rb:25:in `tagged'
  activesupport (4.0.0) lib/active_support/tagged_logging.rb:67:in `tagged'
  railties (4.0.0) lib/rails/rack/logger.rb:21:in `call'
  actionpack (4.0.0) lib/action_dispatch/middleware/request_id.rb:21:in `call'
  rack (1.5.2) lib/rack/methodoverride.rb:21:in `call'
  rack (1.5.2) lib/rack/runtime.rb:17:in `call'
  activesupport (4.0.0) lib/active_support/cache/strategy/local_cache.rb:83:in `call'
  rack (1.5.2) lib/rack/lock.rb:17:in `call'
  actionpack (4.0.0) lib/action_dispatch/middleware/static.rb:64:in `call'
  railties (4.0.0) lib/rails/engine.rb:511:in `call'
  railties (4.0.0) lib/rails/application.rb:97:in `call'
  rack (1.5.2) lib/rack/lock.rb:17:in `call'
  rack (1.5.2) lib/rack/content_length.rb:14:in `call'
  rack (1.5.2) lib/rack/handler/webrick.rb:60:in `service'
  /home/vagrant/.rvm/rubies/ruby-2.0.0-p247/lib/ruby/2.0.0/webrick/httpserver.rb:138:in `service'
  /home/vagrant/.rvm/rubies/ruby-2.0.0-p247/lib/ruby/2.0.0/webrick/httpserver.rb:94:in `run'
  /home/vagrant/.rvm/rubies/ruby-2.0.0-p247/lib/ruby/2.0.0/webrick/server.rb:295:in `block in start_thread'


  Rendered /home/vagrant/.rvm/gems/ruby-2.0.0-p247/gems/actionpack-4.0.0/lib/action_dispatch/middleware/templates/rescues/unknown_action.erb within rescues/layout (0.5ms)


Started GET "/posts/new" for 10.0.2.2 at 2013-08-06 12:11:35 +0000

AbstractController::ActionNotFound (The action 'new' could not be found for PostsController):
  actionpack (4.0.0) lib/abstract_controller/base.rb:131:in `process'
  actionpack (4.0.0) lib/abstract_controller/rendering.rb:44:in `process'
  actionpack (4.0.0) lib/action_controller/metal.rb:195:in `dispatch'
  actionpack (4.0.0) lib/action_controller/metal/rack_delegation.rb:13:in `dispatch'
  actionpack (4.0.0) lib/action_controller/metal.rb:231:in `block in action'
  actionpack (4.0.0) lib/action_dispatch/routing/route_set.rb:80:in `call'
  actionpack (4.0.0) lib/action_dispatch/routing/route_set.rb:80:in `dispatch'
  actionpack (4.0.0) lib/action_dispatch/routing/route_set.rb:48:in `call'
  actionpack (4.0.0) lib/action_dispatch/journey/router.rb:71:in `block in call'
  actionpack (4.0.0) lib/action_dispatch/journey/router.rb:59:in `each'
  actionpack (4.0.0) lib/action_dispatch/journey/router.rb:59:in `call'
  actionpack (4.0.0) lib/action_dispatch/routing/route_set.rb:655:in `call'
  rack (1.5.2) lib/rack/etag.rb:23:in `call'
  rack (1.5.2) lib/rack/conditionalget.rb:25:in `call'
  rack (1.5.2) lib/rack/head.rb:11:in `call'
  actionpack (4.0.0) lib/action_dispatch/middleware/params_parser.rb:27:in `call'
  actionpack (4.0.0) lib/action_dispatch/middleware/flash.rb:241:in `call'
  rack (1.5.2) lib/rack/session/abstract/id.rb:225:in `context'
  rack (1.5.2) lib/rack/session/abstract/id.rb:220:in `call'
  actionpack (4.0.0) lib/action_dispatch/middleware/cookies.rb:486:in `call'
  activerecord (4.0.0) lib/active_record/query_cache.rb:36:in `call'
  activerecord (4.0.0) lib/active_record/connection_adapters/abstract/connection_pool.rb:626:in `call'
  activerecord (4.0.0) lib/active_record/migration.rb:369:in `call'
  actionpack (4.0.0) lib/action_dispatch/middleware/callbacks.rb:29:in `block in call'
  activesupport (4.0.0) lib/active_support/callbacks.rb:373:in `_run__3231789718988316199__call__callbacks'
  activesupport (4.0.0) lib/active_support/callbacks.rb:80:in `run_callbacks'
  actionpack (4.0.0) lib/action_dispatch/middleware/callbacks.rb:27:in `call'
  actionpack (4.0.0) lib/action_dispatch/middleware/reloader.rb:64:in `call'
  actionpack (4.0.0) lib/action_dispatch/middleware/remote_ip.rb:76:in `call'
  actionpack (4.0.0) lib/action_dispatch/middleware/debug_exceptions.rb:17:in `call'
  actionpack (4.0.0) lib/action_dispatch/middleware/show_exceptions.rb:30:in `call'
  railties (4.0.0) lib/rails/rack/logger.rb:38:in `call_app'
  railties (4.0.0) lib/rails/rack/logger.rb:21:in `block in call'
  activesupport (4.0.0) lib/active_support/tagged_logging.rb:67:in `block in tagged'
  activesupport (4.0.0) lib/active_support/tagged_logging.rb:25:in `tagged'
  activesupport (4.0.0) lib/active_support/tagged_logging.rb:67:in `tagged'
  railties (4.0.0) lib/rails/rack/logger.rb:21:in `call'
  actionpack (4.0.0) lib/action_dispatch/middleware/request_id.rb:21:in `call'
  rack (1.5.2) lib/rack/methodoverride.rb:21:in `call'
  rack (1.5.2) lib/rack/runtime.rb:17:in `call'
  activesupport (4.0.0) lib/active_support/cache/strategy/local_cache.rb:83:in `call'
  rack (1.5.2) lib/rack/lock.rb:17:in `call'
  actionpack (4.0.0) lib/action_dispatch/middleware/static.rb:64:in `call'
  railties (4.0.0) lib/rails/engine.rb:511:in `call'
  railties (4.0.0) lib/rails/application.rb:97:in `call'
  rack (1.5.2) lib/rack/lock.rb:17:in `call'
  rack (1.5.2) lib/rack/content_length.rb:14:in `call'
  rack (1.5.2) lib/rack/handler/webrick.rb:60:in `service'
  /home/vagrant/.rvm/rubies/ruby-2.0.0-p247/lib/ruby/2.0.0/webrick/httpserver.rb:138:in `service'
  /home/vagrant/.rvm/rubies/ruby-2.0.0-p247/lib/ruby/2.0.0/webrick/httpserver.rb:94:in `run'
  /home/vagrant/.rvm/rubies/ruby-2.0.0-p247/lib/ruby/2.0.0/webrick/server.rb:295:in `block in start_thread'


  Rendered /home/vagrant/.rvm/gems/ruby-2.0.0-p247/gems/actionpack-4.0.0/lib/action_dispatch/middleware/templates/rescues/unknown_action.erb within rescues/layout (0.5ms)


Started GET "/posts/new" for 10.0.2.2 at 2013-08-06 12:16:07 +0000
Processing by PostsController#new as HTML
  Rendered posts/new.html.erb within layouts/application (0.5ms)
Completed 200 OK in 269ms (Views: 267.5ms | ActiveRecord: 0.0ms)


Started GET "/assets/application.css?body=1" for 10.0.2.2 at 2013-08-06 12:16:07 +0000


Started GET "/assets/posts.js?body=1" for 10.0.2.2 at 2013-08-06 12:16:07 +0000


Started GET "/assets/posts.css?body=1" for 10.0.2.2 at 2013-08-06 12:16:07 +0000


Started GET "/assets/jquery.js?body=1" for 10.0.2.2 at 2013-08-06 12:16:07 +0000


Started GET "/assets/jquery_ujs.js?body=1" for 10.0.2.2 at 2013-08-06 12:16:07 +0000


Started GET "/assets/welcome.css?body=1" for 10.0.2.2 at 2013-08-06 12:16:07 +0000


Started GET "/assets/turbolinks.js?body=1" for 10.0.2.2 at 2013-08-06 12:16:08 +0000


Started GET "/assets/application.js?body=1" for 10.0.2.2 at 2013-08-06 12:16:08 +0000


Started GET "/assets/welcome.js?body=1" for 10.0.2.2 at 2013-08-06 12:16:08 +0000


Started GET "/posts/new" for 10.0.2.2 at 2013-08-06 12:16:22 +0000
Processing by PostsController#new as HTML
  Rendered posts/new.html.erb within layouts/application (0.1ms)
Completed 200 OK in 61ms (Views: 60.0ms | ActiveRecord: 0.0ms)


Started GET "/assets/jquery_ujs.js?body=1" for 10.0.2.2 at 2013-08-06 12:16:22 +0000


Started GET "/assets/posts.css?body=1" for 10.0.2.2 at 2013-08-06 12:16:22 +0000


Started GET "/assets/turbolinks.js?body=1" for 10.0.2.2 at 2013-08-06 12:16:22 +0000


Started GET "/assets/jquery.js?body=1" for 10.0.2.2 at 2013-08-06 12:16:22 +0000


Started GET "/assets/welcome.css?body=1" for 10.0.2.2 at 2013-08-06 12:16:22 +0000


Started GET "/assets/application.css?body=1" for 10.0.2.2 at 2013-08-06 12:16:23 +0000


Started GET "/assets/posts.js?body=1" for 10.0.2.2 at 2013-08-06 12:16:23 +0000


Started GET "/assets/application.js?body=1" for 10.0.2.2 at 2013-08-06 12:16:23 +0000


Started GET "/assets/welcome.js?body=1" for 10.0.2.2 at 2013-08-06 12:16:23 +0000


Started GET "/" for 10.0.2.2 at 2013-08-06 12:28:03 +0000
Processing by WelcomeController#index as HTML
  Rendered welcome/index.html.erb within layouts/application (17.2ms)
Completed 200 OK in 376ms (Views: 339.2ms | ActiveRecord: 0.0ms)


Started GET "/assets/application.css?body=1" for 10.0.2.2 at 2013-08-06 12:28:04 +0000


Started GET "/assets/posts.css?body=1" for 10.0.2.2 at 2013-08-06 12:28:04 +0000


Started GET "/assets/welcome.css?body=1" for 10.0.2.2 at 2013-08-06 12:28:04 +0000


Started GET "/assets/jquery.js?body=1" for 10.0.2.2 at 2013-08-06 12:28:04 +0000


Started GET "/assets/jquery_ujs.js?body=1" for 10.0.2.2 at 2013-08-06 12:28:04 +0000


Started GET "/assets/turbolinks.js?body=1" for 10.0.2.2 at 2013-08-06 12:28:04 +0000


Started GET "/assets/posts.js?body=1" for 10.0.2.2 at 2013-08-06 12:28:04 +0000


Started GET "/assets/application.js?body=1" for 10.0.2.2 at 2013-08-06 12:28:04 +0000


Started GET "/assets/welcome.js?body=1" for 10.0.2.2 at 2013-08-06 12:28:04 +0000


Started GET "/" for 10.0.2.2 at 2013-08-06 12:28:06 +0000
Processing by WelcomeController#index as HTML
  Rendered welcome/index.html.erb within layouts/application (0.1ms)
Completed 200 OK in 68ms (Views: 67.4ms | ActiveRecord: 0.0ms)


Started GET "/assets/welcome.css?body=1" for 10.0.2.2 at 2013-08-06 12:28:07 +0000


Started GET "/assets/jquery.js?body=1" for 10.0.2.2 at 2013-08-06 12:28:07 +0000


Started GET "/assets/jquery_ujs.js?body=1" for 10.0.2.2 at 2013-08-06 12:28:07 +0000


Started GET "/assets/turbolinks.js?body=1" for 10.0.2.2 at 2013-08-06 12:28:07 +0000


Started GET "/assets/posts.css?body=1" for 10.0.2.2 at 2013-08-06 12:28:07 +0000


Started GET "/assets/posts.js?body=1" for 10.0.2.2 at 2013-08-06 12:28:07 +0000


Started GET "/assets/application.css?body=1" for 10.0.2.2 at 2013-08-06 12:28:07 +0000


Started GET "/assets/application.js?body=1" for 10.0.2.2 at 2013-08-06 12:28:07 +0000


Started GET "/assets/welcome.js?body=1" for 10.0.2.2 at 2013-08-06 12:28:07 +0000


Started GET "/" for 10.0.2.2 at 2013-08-06 12:28:07 +0000
Processing by WelcomeController#index as HTML
  Rendered welcome/index.html.erb within layouts/application (0.1ms)
Completed 200 OK in 60ms (Views: 59.5ms | ActiveRecord: 0.0ms)


Started GET "/assets/welcome.css?body=1" for 10.0.2.2 at 2013-08-06 12:28:07 +0000


Started GET "/assets/posts.css?body=1" for 10.0.2.2 at 2013-08-06 12:28:07 +0000


Started GET "/assets/application.js?body=1" for 10.0.2.2 at 2013-08-06 12:28:07 +0000


Started GET "/assets/jquery.js?body=1" for 10.0.2.2 at 2013-08-06 12:28:07 +0000


Started GET "/assets/application.css?body=1" for 10.0.2.2 at 2013-08-06 12:28:07 +0000


Started GET "/assets/jquery_ujs.js?body=1" for 10.0.2.2 at 2013-08-06 12:28:07 +0000


Started GET "/assets/turbolinks.js?body=1" for 10.0.2.2 at 2013-08-06 12:28:07 +0000


Started GET "/assets/posts.js?body=1" for 10.0.2.2 at 2013-08-06 12:28:07 +0000


Started GET "/assets/welcome.js?body=1" for 10.0.2.2 at 2013-08-06 12:28:07 +0000


Started GET "/" for 10.0.2.2 at 2013-08-06 12:28:08 +0000
Processing by WelcomeController#index as HTML
  Rendered welcome/index.html.erb within layouts/application (0.1ms)
Completed 200 OK in 60ms (Views: 58.5ms | ActiveRecord: 0.0ms)


Started GET "/assets/jquery.js?body=1" for 10.0.2.2 at 2013-08-06 12:28:08 +0000


Started GET "/assets/jquery_ujs.js?body=1" for 10.0.2.2 at 2013-08-06 12:28:08 +0000


Started GET "/assets/welcome.css?body=1" for 10.0.2.2 at 2013-08-06 12:28:08 +0000


Started GET "/assets/application.css?body=1" for 10.0.2.2 at 2013-08-06 12:28:08 +0000


Started GET "/assets/turbolinks.js?body=1" for 10.0.2.2 at 2013-08-06 12:28:08 +0000


Started GET "/assets/posts.css?body=1" for 10.0.2.2 at 2013-08-06 12:28:08 +0000


Started GET "/assets/posts.js?body=1" for 10.0.2.2 at 2013-08-06 12:28:08 +0000


Started GET "/assets/application.js?body=1" for 10.0.2.2 at 2013-08-06 12:28:08 +0000


Started GET "/assets/welcome.js?body=1" for 10.0.2.2 at 2013-08-06 12:28:08 +0000


Started GET "/" for 10.0.2.2 at 2013-08-06 12:28:08 +0000
Processing by WelcomeController#index as HTML
  Rendered welcome/index.html.erb within layouts/application (0.1ms)
Completed 200 OK in 57ms (Views: 56.3ms | ActiveRecord: 0.0ms)


Started GET "/assets/application.css?body=1" for 10.0.2.2 at 2013-08-06 12:28:08 +0000


Started GET "/assets/posts.css?body=1" for 10.0.2.2 at 2013-08-06 12:28:08 +0000


Started GET "/assets/welcome.css?body=1" for 10.0.2.2 at 2013-08-06 12:28:08 +0000


Started GET "/assets/jquery_ujs.js?body=1" for 10.0.2.2 at 2013-08-06 12:28:08 +0000


Started GET "/assets/jquery.js?body=1" for 10.0.2.2 at 2013-08-06 12:28:08 +0000


Started GET "/assets/turbolinks.js?body=1" for 10.0.2.2 at 2013-08-06 12:28:08 +0000


Started GET "/assets/posts.js?body=1" for 10.0.2.2 at 2013-08-06 12:28:08 +0000


Started GET "/assets/application.js?body=1" for 10.0.2.2 at 2013-08-06 12:28:08 +0000


Started GET "/assets/welcome.js?body=1" for 10.0.2.2 at 2013-08-06 12:28:08 +0000


Started GET "/" for 10.0.2.2 at 2013-08-06 12:29:06 +0000
Processing by WelcomeController#index as HTML
  Rendered welcome/index.html.erb within layouts/application (0.1ms)
Completed 200 OK in 65ms (Views: 63.8ms | ActiveRecord: 0.0ms)


Started GET "/assets/posts.css?body=1" for 10.0.2.2 at 2013-08-06 12:29:06 +0000


Started GET "/assets/jquery.js?body=1" for 10.0.2.2 at 2013-08-06 12:29:06 +0000


Started GET "/assets/welcome.css?body=1" for 10.0.2.2 at 2013-08-06 12:29:06 +0000


Started GET "/assets/jquery_ujs.js?body=1" for 10.0.2.2 at 2013-08-06 12:29:06 +0000


Started GET "/assets/turbolinks.js?body=1" for 10.0.2.2 at 2013-08-06 12:29:06 +0000


Started GET "/assets/application.css?body=1" for 10.0.2.2 at 2013-08-06 12:29:06 +0000


Started GET "/assets/posts.js?body=1" for 10.0.2.2 at 2013-08-06 12:29:06 +0000


Started GET "/assets/application.js?body=1" for 10.0.2.2 at 2013-08-06 12:29:06 +0000


Started GET "/assets/welcome.js?body=1" for 10.0.2.2 at 2013-08-06 12:29:06 +0000


Started GET "/" for 10.0.2.2 at 2013-08-06 12:29:07 +0000
Processing by WelcomeController#index as HTML
  Rendered welcome/index.html.erb within layouts/application (0.1ms)
Completed 200 OK in 60ms (Views: 59.5ms | ActiveRecord: 0.0ms)


Started GET "/assets/welcome.css?body=1" for 10.0.2.2 at 2013-08-06 12:29:07 +0000


Started GET "/assets/posts.css?body=1" for 10.0.2.2 at 2013-08-06 12:29:07 +0000


Started GET "/assets/turbolinks.js?body=1" for 10.0.2.2 at 2013-08-06 12:29:07 +0000


Started GET "/assets/application.css?body=1" for 10.0.2.2 at 2013-08-06 12:29:07 +0000


Started GET "/assets/jquery_ujs.js?body=1" for 10.0.2.2 at 2013-08-06 12:29:07 +0000


Started GET "/assets/jquery.js?body=1" for 10.0.2.2 at 2013-08-06 12:29:07 +0000


Started GET "/assets/posts.js?body=1" for 10.0.2.2 at 2013-08-06 12:29:07 +0000


Started GET "/assets/application.js?body=1" for 10.0.2.2 at 2013-08-06 12:29:07 +0000


Started GET "/assets/welcome.js?body=1" for 10.0.2.2 at 2013-08-06 12:29:07 +0000


Started GET "/" for 10.0.2.2 at 2013-08-06 12:29:07 +0000
Processing by WelcomeController#index as HTML
  Rendered welcome/index.html.erb within layouts/application (0.1ms)
Completed 200 OK in 63ms (Views: 61.9ms | ActiveRecord: 0.0ms)


Started GET "/assets/welcome.css?body=1" for 10.0.2.2 at 2013-08-06 12:29:07 +0000


Started GET "/assets/posts.js?body=1" for 10.0.2.2 at 2013-08-06 12:29:07 +0000


Started GET "/assets/posts.css?body=1" for 10.0.2.2 at 2013-08-06 12:29:07 +0000


Started GET "/assets/application.css?body=1" for 10.0.2.2 at 2013-08-06 12:29:07 +0000


Started GET "/assets/jquery.js?body=1" for 10.0.2.2 at 2013-08-06 12:29:07 +0000


Started GET "/assets/jquery_ujs.js?body=1" for 10.0.2.2 at 2013-08-06 12:29:07 +0000


Started GET "/assets/turbolinks.js?body=1" for 10.0.2.2 at 2013-08-06 12:29:07 +0000


Started GET "/assets/application.js?body=1" for 10.0.2.2 at 2013-08-06 12:29:07 +0000


Started GET "/assets/welcome.js?body=1" for 10.0.2.2 at 2013-08-06 12:29:07 +0000


Started GET "/" for 10.0.2.2 at 2013-08-06 12:31:18 +0000
Processing by WelcomeController#index as HTML
  Rendered welcome/index.html.erb within layouts/application (3.8ms)
Completed 200 OK in 266ms (Views: 239.0ms | ActiveRecord: 0.0ms)


Started GET "/" for 10.0.2.2 at 2013-08-06 12:31:19 +0000
Processing by WelcomeController#index as HTML
  Rendered welcome/index.html.erb within layouts/application (0.1ms)
Completed 200 OK in 61ms (Views: 60.2ms | ActiveRecord: 0.0ms)


Started GET "/assets/application.css?body=1" for 10.0.2.2 at 2013-08-06 12:31:19 +0000


Started GET "/assets/welcome.css?body=1" for 10.0.2.2 at 2013-08-06 12:31:19 +0000


Started GET "/assets/jquery.js?body=1" for 10.0.2.2 at 2013-08-06 12:31:19 +0000


Started GET "/assets/posts.css?body=1" for 10.0.2.2 at 2013-08-06 12:31:19 +0000


Started GET "/assets/jquery_ujs.js?body=1" for 10.0.2.2 at 2013-08-06 12:31:19 +0000


Started GET "/assets/turbolinks.js?body=1" for 10.0.2.2 at 2013-08-06 12:31:19 +0000


Started GET "/assets/posts.js?body=1" for 10.0.2.2 at 2013-08-06 12:31:19 +0000


Started GET "/assets/application.js?body=1" for 10.0.2.2 at 2013-08-06 12:31:19 +0000


Started GET "/assets/welcome.js?body=1" for 10.0.2.2 at 2013-08-06 12:31:19 +0000


Started GET "/" for 10.0.2.2 at 2013-08-06 12:32:06 +0000
Processing by WelcomeController#index as HTML
  Rendered welcome/index.html.erb within layouts/application (0.1ms)
Completed 200 OK in 74ms (Views: 72.8ms | ActiveRecord: 0.0ms)


Started GET "/assets/posts.css?body=1" for 10.0.2.2 at 2013-08-06 12:32:06 +0000


Started GET "/assets/welcome.css?body=1" for 10.0.2.2 at 2013-08-06 12:32:06 +0000


Started GET "/assets/jquery.js?body=1" for 10.0.2.2 at 2013-08-06 12:32:06 +0000


Started GET "/assets/turbolinks.js?body=1" for 10.0.2.2 at 2013-08-06 12:32:06 +0000


Started GET "/assets/jquery_ujs.js?body=1" for 10.0.2.2 at 2013-08-06 12:32:06 +0000


Started GET "/assets/application.css?body=1" for 10.0.2.2 at 2013-08-06 12:32:06 +0000


Started GET "/assets/welcome.js?body=1" for 10.0.2.2 at 2013-08-06 12:32:06 +0000


Started GET "/assets/posts.js?body=1" for 10.0.2.2 at 2013-08-06 12:32:06 +0000


Started GET "/assets/application.js?body=1" for 10.0.2.2 at 2013-08-06 12:32:06 +0000


Started GET "/" for 10.0.2.2 at 2013-08-06 12:32:06 +0000
Processing by WelcomeController#index as HTML
  Rendered welcome/index.html.erb within layouts/application (0.1ms)
Completed 200 OK in 58ms (Views: 57.8ms | ActiveRecord: 0.0ms)


Started GET "/assets/jquery.js?body=1" for 10.0.2.2 at 2013-08-06 12:32:07 +0000


Started GET "/assets/jquery_ujs.js?body=1" for 10.0.2.2 at 2013-08-06 12:32:07 +0000


Started GET "/assets/turbolinks.js?body=1" for 10.0.2.2 at 2013-08-06 12:32:07 +0000


Started GET "/assets/welcome.css?body=1" for 10.0.2.2 at 2013-08-06 12:32:07 +0000


Started GET "/assets/posts.css?body=1" for 10.0.2.2 at 2013-08-06 12:32:07 +0000


Started GET "/assets/application.css?body=1" for 10.0.2.2 at 2013-08-06 12:32:07 +0000


Started GET "/assets/application.js?body=1" for 10.0.2.2 at 2013-08-06 12:32:07 +0000


Started GET "/assets/posts.js?body=1" for 10.0.2.2 at 2013-08-06 12:32:07 +0000


Started GET "/assets/welcome.js?body=1" for 10.0.2.2 at 2013-08-06 12:32:07 +0000


Started GET "/posts/new" for 10.0.2.2 at 2013-08-06 12:32:53 +0000
Processing by PostsController#new as HTML
  Rendered posts/new.html.erb within layouts/application (24.4ms)
Completed 200 OK in 130ms (Views: 128.6ms | ActiveRecord: 0.0ms)


Started GET "/posts/new" for 10.0.2.2 at 2013-08-06 12:32:53 +0000
Processing by PostsController#new as HTML
  Rendered posts/new.html.erb within layouts/application (1.8ms)
Completed 200 OK in 65ms (Views: 63.2ms | ActiveRecord: 0.0ms)


Started GET "/assets/posts.css?body=1" for 10.0.2.2 at 2013-08-06 12:32:53 +0000


Started GET "/assets/jquery.js?body=1" for 10.0.2.2 at 2013-08-06 12:32:53 +0000


Started GET "/assets/jquery_ujs.js?body=1" for 10.0.2.2 at 2013-08-06 12:32:53 +0000


Started GET "/assets/application.css?body=1" for 10.0.2.2 at 2013-08-06 12:32:53 +0000


Started GET "/assets/welcome.css?body=1" for 10.0.2.2 at 2013-08-06 12:32:53 +0000


Started GET "/assets/posts.js?body=1" for 10.0.2.2 at 2013-08-06 12:32:53 +0000


Started GET "/assets/application.js?body=1" for 10.0.2.2 at 2013-08-06 12:32:53 +0000


Started GET "/assets/welcome.js?body=1" for 10.0.2.2 at 2013-08-06 12:32:53 +0000


Started GET "/assets/turbolinks.js?body=1" for 10.0.2.2 at 2013-08-06 12:32:53 +0000


Started GET "/posts/new" for 10.0.2.2 at 2013-08-06 12:34:00 +0000
Processing by PostsController#new as HTML
  Rendered posts/new.html.erb within layouts/application (52.4ms)
Completed 200 OK in 285ms (Views: 246.2ms | ActiveRecord: 0.0ms)


Started GET "/assets/posts.css?body=1" for 10.0.2.2 at 2013-08-06 12:34:01 +0000


Started GET "/assets/turbolinks.js?body=1" for 10.0.2.2 at 2013-08-06 12:34:01 +0000


Started GET "/assets/welcome.css?body=1" for 10.0.2.2 at 2013-08-06 12:34:01 +0000


Started GET "/assets/jquery.js?body=1" for 10.0.2.2 at 2013-08-06 12:34:01 +0000


Started GET "/assets/jquery_ujs.js?body=1" for 10.0.2.2 at 2013-08-06 12:34:01 +0000


Started GET "/assets/application.css?body=1" for 10.0.2.2 at 2013-08-06 12:34:01 +0000


Started GET "/assets/posts.js?body=1" for 10.0.2.2 at 2013-08-06 12:34:01 +0000


Started GET "/assets/application.js?body=1" for 10.0.2.2 at 2013-08-06 12:34:01 +0000


Started GET "/assets/welcome.js?body=1" for 10.0.2.2 at 2013-08-06 12:34:01 +0000


Started GET "/posts/new" for 10.0.2.2 at 2013-08-06 12:34:02 +0000
Processing by PostsController#new as HTML
  Rendered posts/new.html.erb within layouts/application (2.0ms)
Completed 200 OK in 87ms (Views: 84.1ms | ActiveRecord: 0.0ms)


Started GET "/assets/posts.css?body=1" for 10.0.2.2 at 2013-08-06 12:34:02 +0000


Started GET "/assets/jquery.js?body=1" for 10.0.2.2 at 2013-08-06 12:34:02 +0000


Started GET "/assets/turbolinks.js?body=1" for 10.0.2.2 at 2013-08-06 12:34:02 +0000


Started GET "/assets/welcome.css?body=1" for 10.0.2.2 at 2013-08-06 12:34:02 +0000


Started GET "/assets/jquery_ujs.js?body=1" for 10.0.2.2 at 2013-08-06 12:34:02 +0000


Started GET "/assets/application.css?body=1" for 10.0.2.2 at 2013-08-06 12:34:02 +0000


Started GET "/assets/posts.js?body=1" for 10.0.2.2 at 2013-08-06 12:34:02 +0000


Started GET "/assets/application.js?body=1" for 10.0.2.2 at 2013-08-06 12:34:02 +0000


Started GET "/assets/welcome.js?body=1" for 10.0.2.2 at 2013-08-06 12:34:02 +0000


Started GET "/posts/new" for 10.0.2.2 at 2013-08-06 12:36:02 +0000
Processing by PostsController#new as HTML
  Rendered posts/new.html.erb within layouts/application (38.2ms)
Completed 200 OK in 334ms (Views: 307.7ms | ActiveRecord: 0.0ms)


Started GET "/assets/posts.css?body=1" for 10.0.2.2 at 2013-08-06 12:36:03 +0000


Started GET "/assets/welcome.css?body=1" for 10.0.2.2 at 2013-08-06 12:36:03 +0000


Started GET "/assets/jquery.js?body=1" for 10.0.2.2 at 2013-08-06 12:36:03 +0000


Started GET "/assets/turbolinks.js?body=1" for 10.0.2.2 at 2013-08-06 12:36:03 +0000


Started GET "/assets/application.css?body=1" for 10.0.2.2 at 2013-08-06 12:36:03 +0000


Started GET "/assets/jquery_ujs.js?body=1" for 10.0.2.2 at 2013-08-06 12:36:03 +0000


Started GET "/assets/posts.js?body=1" for 10.0.2.2 at 2013-08-06 12:36:03 +0000


Started GET "/assets/application.js?body=1" for 10.0.2.2 at 2013-08-06 12:36:03 +0000


Started GET "/assets/welcome.js?body=1" for 10.0.2.2 at 2013-08-06 12:36:03 +0000


Started GET "/" for 10.0.2.2 at 2013-08-06 12:36:14 +0000
Processing by WelcomeController#index as HTML
  Rendered welcome/index.html.erb within layouts/application (0.5ms)
Completed 200 OK in 64ms (Views: 62.3ms | ActiveRecord: 0.0ms)


Started GET "/assets/posts.css?body=1" for 10.0.2.2 at 2013-08-06 12:36:14 +0000


Started GET "/assets/turbolinks.js?body=1" for 10.0.2.2 at 2013-08-06 12:36:14 +0000


Started GET "/assets/welcome.css?body=1" for 10.0.2.2 at 2013-08-06 12:36:14 +0000


Started GET "/assets/jquery.js?body=1" for 10.0.2.2 at 2013-08-06 12:36:14 +0000


Started GET "/assets/jquery_ujs.js?body=1" for 10.0.2.2 at 2013-08-06 12:36:14 +0000


Started GET "/assets/application.css?body=1" for 10.0.2.2 at 2013-08-06 12:36:14 +0000


Started GET "/assets/posts.js?body=1" for 10.0.2.2 at 2013-08-06 12:36:14 +0000


Started GET "/assets/application.js?body=1" for 10.0.2.2 at 2013-08-06 12:36:14 +0000


Started GET "/" for 10.0.2.2 at 2013-08-06 12:36:14 +0000
Processing by WelcomeController#index as HTML
  Rendered welcome/index.html.erb within layouts/application (0.1ms)
Completed 200 OK in 64ms (Views: 63.6ms | ActiveRecord: 0.0ms)


Started GET "/assets/posts.js?body=1" for 10.0.2.2 at 2013-08-06 12:36:14 +0000


Started GET "/assets/jquery.js?body=1" for 10.0.2.2 at 2013-08-06 12:36:14 +0000


Started GET "/assets/application.css?body=1" for 10.0.2.2 at 2013-08-06 12:36:14 +0000


Started GET "/assets/jquery_ujs.js?body=1" for 10.0.2.2 at 2013-08-06 12:36:14 +0000


Started GET "/assets/welcome.css?body=1" for 10.0.2.2 at 2013-08-06 12:36:14 +0000


Started GET "/assets/application.js?body=1" for 10.0.2.2 at 2013-08-06 12:36:14 +0000


Started GET "/assets/posts.css?body=1" for 10.0.2.2 at 2013-08-06 12:36:14 +0000


Started GET "/assets/turbolinks.js?body=1" for 10.0.2.2 at 2013-08-06 12:36:14 +0000


Started GET "/assets/welcome.js?body=1" for 10.0.2.2 at 2013-08-06 12:36:14 +0000


Started GET "/posts/new" for 10.0.2.2 at 2013-08-06 13:09:09 +0000
Processing by PostsController#new as HTML
  Rendered posts/new.html.erb within layouts/application (2.5ms)
Completed 200 OK in 66ms (Views: 64.9ms | ActiveRecord: 0.0ms)


Started GET "/assets/posts.css?body=1" for 10.0.2.2 at 2013-08-06 13:09:10 +0000


Started GET "/assets/welcome.css?body=1" for 10.0.2.2 at 2013-08-06 13:09:10 +0000


Started GET "/assets/turbolinks.js?body=1" for 10.0.2.2 at 2013-08-06 13:09:10 +0000


Started GET "/assets/application.css?body=1" for 10.0.2.2 at 2013-08-06 13:09:10 +0000


Started GET "/assets/jquery_ujs.js?body=1" for 10.0.2.2 at 2013-08-06 13:09:10 +0000


Started GET "/assets/jquery.js?body=1" for 10.0.2.2 at 2013-08-06 13:09:10 +0000


Started GET "/assets/posts.js?body=1" for 10.0.2.2 at 2013-08-06 13:09:10 +0000


Started GET "/assets/application.js?body=1" for 10.0.2.2 at 2013-08-06 13:09:10 +0000


Started GET "/assets/welcome.js?body=1" for 10.0.2.2 at 2013-08-06 13:09:10 +0000


Started GET "/" for 10.0.2.2 at 2013-08-06 13:09:13 +0000
Processing by WelcomeController#index as HTML
  Rendered welcome/index.html.erb within layouts/application (0.5ms)
Completed 200 OK in 77ms (Views: 76.1ms | ActiveRecord: 0.0ms)


Started GET "/assets/jquery.js?body=1" for 10.0.2.2 at 2013-08-06 13:09:14 +0000


Started GET "/assets/turbolinks.js?body=1" for 10.0.2.2 at 2013-08-06 13:09:14 +0000


Started GET "/assets/welcome.css?body=1" for 10.0.2.2 at 2013-08-06 13:09:14 +0000


Started GET "/assets/posts.css?body=1" for 10.0.2.2 at 2013-08-06 13:09:14 +0000


Started GET "/assets/jquery_ujs.js?body=1" for 10.0.2.2 at 2013-08-06 13:09:14 +0000


Started GET "/assets/application.css?body=1" for 10.0.2.2 at 2013-08-06 13:09:14 +0000


Started GET "/assets/posts.js?body=1" for 10.0.2.2 at 2013-08-06 13:09:14 +0000


Started GET "/assets/application.js?body=1" for 10.0.2.2 at 2013-08-06 13:09:14 +0000


Started GET "/assets/welcome.js?body=1" for 10.0.2.2 at 2013-08-06 13:09:14 +0000


Started POST "/posts" for 10.0.2.2 at 2013-08-06 13:09:31 +0000

AbstractController::ActionNotFound (The action 'create' could not be found for PostsController):
  actionpack (4.0.0) lib/abstract_controller/base.rb:131:in `process'
  actionpack (4.0.0) lib/abstract_controller/rendering.rb:44:in `process'
  actionpack (4.0.0) lib/action_controller/metal.rb:195:in `dispatch'
  actionpack (4.0.0) lib/action_controller/metal/rack_delegation.rb:13:in `dispatch'
  actionpack (4.0.0) lib/action_controller/metal.rb:231:in `block in action'
  actionpack (4.0.0) lib/action_dispatch/routing/route_set.rb:80:in `call'
  actionpack (4.0.0) lib/action_dispatch/routing/route_set.rb:80:in `dispatch'
  actionpack (4.0.0) lib/action_dispatch/routing/route_set.rb:48:in `call'
  actionpack (4.0.0) lib/action_dispatch/journey/router.rb:71:in `block in call'
  actionpack (4.0.0) lib/action_dispatch/journey/router.rb:59:in `each'
  actionpack (4.0.0) lib/action_dispatch/journey/router.rb:59:in `call'
  actionpack (4.0.0) lib/action_dispatch/routing/route_set.rb:655:in `call'
  rack (1.5.2) lib/rack/etag.rb:23:in `call'
  rack (1.5.2) lib/rack/conditionalget.rb:35:in `call'
  rack (1.5.2) lib/rack/head.rb:11:in `call'
  actionpack (4.0.0) lib/action_dispatch/middleware/params_parser.rb:27:in `call'
  actionpack (4.0.0) lib/action_dispatch/middleware/flash.rb:241:in `call'
  rack (1.5.2) lib/rack/session/abstract/id.rb:225:in `context'
  rack (1.5.2) lib/rack/session/abstract/id.rb:220:in `call'
  actionpack (4.0.0) lib/action_dispatch/middleware/cookies.rb:486:in `call'
  activerecord (4.0.0) lib/active_record/query_cache.rb:36:in `call'
  activerecord (4.0.0) lib/active_record/connection_adapters/abstract/connection_pool.rb:626:in `call'
  activerecord (4.0.0) lib/active_record/migration.rb:369:in `call'
  actionpack (4.0.0) lib/action_dispatch/middleware/callbacks.rb:29:in `block in call'
  activesupport (4.0.0) lib/active_support/callbacks.rb:373:in `_run__3093651659658623003__call__callbacks'
  activesupport (4.0.0) lib/active_support/callbacks.rb:80:in `run_callbacks'
  actionpack (4.0.0) lib/action_dispatch/middleware/callbacks.rb:27:in `call'
  actionpack (4.0.0) lib/action_dispatch/middleware/reloader.rb:64:in `call'
  actionpack (4.0.0) lib/action_dispatch/middleware/remote_ip.rb:76:in `call'
  actionpack (4.0.0) lib/action_dispatch/middleware/debug_exceptions.rb:17:in `call'
  actionpack (4.0.0) lib/action_dispatch/middleware/show_exceptions.rb:30:in `call'
  railties (4.0.0) lib/rails/rack/logger.rb:38:in `call_app'
  railties (4.0.0) lib/rails/rack/logger.rb:21:in `block in call'
  activesupport (4.0.0) lib/active_support/tagged_logging.rb:67:in `block in tagged'
  activesupport (4.0.0) lib/active_support/tagged_logging.rb:25:in `tagged'
  activesupport (4.0.0) lib/active_support/tagged_logging.rb:67:in `tagged'
  railties (4.0.0) lib/rails/rack/logger.rb:21:in `call'
  actionpack (4.0.0) lib/action_dispatch/middleware/request_id.rb:21:in `call'
  rack (1.5.2) lib/rack/methodoverride.rb:21:in `call'
  rack (1.5.2) lib/rack/runtime.rb:17:in `call'
  activesupport (4.0.0) lib/active_support/cache/strategy/local_cache.rb:83:in `call'
  rack (1.5.2) lib/rack/lock.rb:17:in `call'
  actionpack (4.0.0) lib/action_dispatch/middleware/static.rb:64:in `call'
  railties (4.0.0) lib/rails/engine.rb:511:in `call'
  railties (4.0.0) lib/rails/application.rb:97:in `call'
  rack (1.5.2) lib/rack/lock.rb:17:in `call'
  rack (1.5.2) lib/rack/content_length.rb:14:in `call'
  rack (1.5.2) lib/rack/handler/webrick.rb:60:in `service'
  /home/vagrant/.rvm/rubies/ruby-2.0.0-p247/lib/ruby/2.0.0/webrick/httpserver.rb:138:in `service'
  /home/vagrant/.rvm/rubies/ruby-2.0.0-p247/lib/ruby/2.0.0/webrick/httpserver.rb:94:in `run'
  /home/vagrant/.rvm/rubies/ruby-2.0.0-p247/lib/ruby/2.0.0/webrick/server.rb:295:in `block in start_thread'


  Rendered /home/vagrant/.rvm/gems/ruby-2.0.0-p247/gems/actionpack-4.0.0/lib/action_dispatch/middleware/templates/rescues/unknown_action.erb within rescues/layout (0.4ms)


Started POST "/posts" for 10.0.2.2 at 2013-08-06 13:22:46 +0000
Processing by PostsController#create as HTML
  Parameters: {"utf8"=>"", "authenticity_token"=>"4/gNx3mjqlR8Q47hYo++NUNvhLHD+JY59ZmED4nBdbc=", "post"=>{"title"=>"fgb", "text"=>"dfb"}, "commit"=>"Save Post"}
Completed 500 Internal Server Error in 32ms

ActionView::MissingTemplate (Missing template posts/create, application/create with {:locale=>[:en], :formats=>[:html], :handlers=>[:erb, :builder, :raw, :ruby, :jbuilder, :coffee]}. Searched in:
  * "/vagrant/rails_blog/app/views"
):
  actionpack (4.0.0) lib/action_view/path_set.rb:46:in `find'
  actionpack (4.0.0) lib/action_view/lookup_context.rb:115:in `find'
  actionpack (4.0.0) lib/action_view/renderer/abstract_renderer.rb:18:in `find_template'
  actionpack (4.0.0) lib/action_view/renderer/template_renderer.rb:35:in `determine_template'
  actionpack (4.0.0) lib/action_view/renderer/template_renderer.rb:8:in `render'
  actionpack (4.0.0) lib/action_view/renderer/renderer.rb:42:in `render_template'
  actionpack (4.0.0) lib/action_view/renderer/renderer.rb:23:in `render'
  actionpack (4.0.0) lib/abstract_controller/rendering.rb:127:in `_render_template'
  actionpack (4.0.0) lib/action_controller/metal/streaming.rb:219:in `_render_template'
  actionpack (4.0.0) lib/abstract_controller/rendering.rb:120:in `render_to_body'
  actionpack (4.0.0) lib/action_controller/metal/rendering.rb:33:in `render_to_body'
  actionpack (4.0.0) lib/action_controller/metal/renderers.rb:26:in `render_to_body'
  actionpack (4.0.0) lib/abstract_controller/rendering.rb:97:in `render'
  actionpack (4.0.0) lib/action_controller/metal/rendering.rb:16:in `render'
  actionpack (4.0.0) lib/action_controller/metal/instrumentation.rb:41:in `block (2 levels) in render'
  activesupport (4.0.0) lib/active_support/core_ext/benchmark.rb:12:in `block in ms'
  /home/vagrant/.rvm/rubies/ruby-2.0.0-p247/lib/ruby/2.0.0/benchmark.rb:296:in `realtime'
  activesupport (4.0.0) lib/active_support/core_ext/benchmark.rb:12:in `ms'
  actionpack (4.0.0) lib/action_controller/metal/instrumentation.rb:41:in `block in render'
  actionpack (4.0.0) lib/action_controller/metal/instrumentation.rb:84:in `cleanup_view_runtime'
  activerecord (4.0.0) lib/active_record/railties/controller_runtime.rb:25:in `cleanup_view_runtime'
  actionpack (4.0.0) lib/action_controller/metal/instrumentation.rb:40:in `render'
  actionpack (4.0.0) lib/action_controller/metal/implicit_render.rb:10:in `default_render'
  actionpack (4.0.0) lib/action_controller/metal/implicit_render.rb:5:in `send_action'
  actionpack (4.0.0) lib/abstract_controller/base.rb:189:in `process_action'
  actionpack (4.0.0) lib/action_controller/metal/rendering.rb:10:in `process_action'
  actionpack (4.0.0) lib/abstract_controller/callbacks.rb:18:in `block in process_action'
  activesupport (4.0.0) lib/active_support/callbacks.rb:403:in `_run__3772541617669134247__process_action__callbacks'
  activesupport (4.0.0) lib/active_support/callbacks.rb:80:in `run_callbacks'
  actionpack (4.0.0) lib/abstract_controller/callbacks.rb:17:in `process_action'
  actionpack (4.0.0) lib/action_controller/metal/rescue.rb:29:in `process_action'
  actionpack (4.0.0) lib/action_controller/metal/instrumentation.rb:31:in `block in process_action'
  activesupport (4.0.0) lib/active_support/notifications.rb:159:in `block in instrument'
  activesupport (4.0.0) lib/active_support/notifications/instrumenter.rb:20:in `instrument'
  activesupport (4.0.0) lib/active_support/notifications.rb:159:in `instrument'
  actionpack (4.0.0) lib/action_controller/metal/instrumentation.rb:30:in `process_action'
  actionpack (4.0.0) lib/action_controller/metal/params_wrapper.rb:245:in `process_action'
  activerecord (4.0.0) lib/active_record/railties/controller_runtime.rb:18:in `process_action'
  actionpack (4.0.0) lib/abstract_controller/base.rb:136:in `process'
  actionpack (4.0.0) lib/abstract_controller/rendering.rb:44:in `process'
  actionpack (4.0.0) lib/action_controller/metal.rb:195:in `dispatch'
  actionpack (4.0.0) lib/action_controller/metal/rack_delegation.rb:13:in `dispatch'
  actionpack (4.0.0) lib/action_controller/metal.rb:231:in `block in action'
  actionpack (4.0.0) lib/action_dispatch/routing/route_set.rb:80:in `call'
  actionpack (4.0.0) lib/action_dispatch/routing/route_set.rb:80:in `dispatch'
  actionpack (4.0.0) lib/action_dispatch/routing/route_set.rb:48:in `call'
  actionpack (4.0.0) lib/action_dispatch/journey/router.rb:71:in `block in call'
  actionpack (4.0.0) lib/action_dispatch/journey/router.rb:59:in `each'
  actionpack (4.0.0) lib/action_dispatch/journey/router.rb:59:in `call'
  actionpack (4.0.0) lib/action_dispatch/routing/route_set.rb:655:in `call'
  rack (1.5.2) lib/rack/etag.rb:23:in `call'
  rack (1.5.2) lib/rack/conditionalget.rb:35:in `call'
  rack (1.5.2) lib/rack/head.rb:11:in `call'
  actionpack (4.0.0) lib/action_dispatch/middleware/params_parser.rb:27:in `call'
  actionpack (4.0.0) lib/action_dispatch/middleware/flash.rb:241:in `call'
  rack (1.5.2) lib/rack/session/abstract/id.rb:225:in `context'
  rack (1.5.2) lib/rack/session/abstract/id.rb:220:in `call'
  actionpack (4.0.0) lib/action_dispatch/middleware/cookies.rb:486:in `call'
  activerecord (4.0.0) lib/active_record/query_cache.rb:36:in `call'
  activerecord (4.0.0) lib/active_record/connection_adapters/abstract/connection_pool.rb:626:in `call'
  activerecord (4.0.0) lib/active_record/migration.rb:369:in `call'
  actionpack (4.0.0) lib/action_dispatch/middleware/callbacks.rb:29:in `block in call'
  activesupport (4.0.0) lib/active_support/callbacks.rb:373:in `_run__3093651659658623003__call__callbacks'
  activesupport (4.0.0) lib/active_support/callbacks.rb:80:in `run_callbacks'
  actionpack (4.0.0) lib/action_dispatch/middleware/callbacks.rb:27:in `call'
  actionpack (4.0.0) lib/action_dispatch/middleware/reloader.rb:64:in `call'
  actionpack (4.0.0) lib/action_dispatch/middleware/remote_ip.rb:76:in `call'
  actionpack (4.0.0) lib/action_dispatch/middleware/debug_exceptions.rb:17:in `call'
  actionpack (4.0.0) lib/action_dispatch/middleware/show_exceptions.rb:30:in `call'
  railties (4.0.0) lib/rails/rack/logger.rb:38:in `call_app'
  railties (4.0.0) lib/rails/rack/logger.rb:21:in `block in call'
  activesupport (4.0.0) lib/active_support/tagged_logging.rb:67:in `block in tagged'
  activesupport (4.0.0) lib/active_support/tagged_logging.rb:25:in `tagged'
  activesupport (4.0.0) lib/active_support/tagged_logging.rb:67:in `tagged'
  railties (4.0.0) lib/rails/rack/logger.rb:21:in `call'
  actionpack (4.0.0) lib/action_dispatch/middleware/request_id.rb:21:in `call'
  rack (1.5.2) lib/rack/methodoverride.rb:21:in `call'
  rack (1.5.2) lib/rack/runtime.rb:17:in `call'
  activesupport (4.0.0) lib/active_support/cache/strategy/local_cache.rb:83:in `call'
  rack (1.5.2) lib/rack/lock.rb:17:in `call'
  actionpack (4.0.0) lib/action_dispatch/middleware/static.rb:64:in `call'
  railties (4.0.0) lib/rails/engine.rb:511:in `call'
  railties (4.0.0) lib/rails/application.rb:97:in `call'
  rack (1.5.2) lib/rack/lock.rb:17:in `call'
  rack (1.5.2) lib/rack/content_length.rb:14:in `call'
  rack (1.5.2) lib/rack/handler/webrick.rb:60:in `service'
  /home/vagrant/.rvm/rubies/ruby-2.0.0-p247/lib/ruby/2.0.0/webrick/httpserver.rb:138:in `service'
  /home/vagrant/.rvm/rubies/ruby-2.0.0-p247/lib/ruby/2.0.0/webrick/httpserver.rb:94:in `run'
  /home/vagrant/.rvm/rubies/ruby-2.0.0-p247/lib/ruby/2.0.0/webrick/server.rb:295:in `block in start_thread'


  Rendered /home/vagrant/.rvm/gems/ruby-2.0.0-p247/gems/actionpack-4.0.0/lib/action_dispatch/middleware/templates/rescues/missing_template.erb within rescues/layout (0.6ms)


Started POST "/posts" for 10.0.2.2 at 2013-08-06 14:05:05 +0000
Processing by PostsController#create as HTML
  Parameters: {"utf8"=>"", "authenticity_token"=>"4/gNx3mjqlR8Q47hYo++NUNvhLHD+JY59ZmED4nBdbc=", "post"=>{"title"=>"fgb", "text"=>"dfb"}, "commit"=>"Save Post"}
  Rendered text template (0.2ms)
Completed 200 OK in 31ms (Views: 29.5ms | ActiveRecord: 0.0ms)


Started POST "/posts" for 10.0.2.2 at 2013-08-06 14:09:00 +0000
Processing by PostsController#create as HTML
  Parameters: {"utf8"=>"", "authenticity_token"=>"4/gNx3mjqlR8Q47hYo++NUNvhLHD+JY59ZmED4nBdbc=", "post"=>{"title"=>"fgb", "text"=>"dfb"}, "commit"=>"Save Post"}
  Rendered text template (0.0ms)
Completed 200 OK in 1ms (Views: 0.6ms | ActiveRecord: 0.0ms)


Started GET "/" for 10.0.2.2 at 2013-08-06 14:09:05 +0000
Processing by WelcomeController#index as HTML
  Rendered welcome/index.html.erb within layouts/application (0.1ms)
Completed 200 OK in 67ms (Views: 65.8ms | ActiveRecord: 0.0ms)


Started GET "/assets/application.css?body=1" for 10.0.2.2 at 2013-08-06 14:09:05 +0000


Started GET "/assets/posts.css?body=1" for 10.0.2.2 at 2013-08-06 14:09:05 +0000


Started GET "/assets/jquery_ujs.js?body=1" for 10.0.2.2 at 2013-08-06 14:09:05 +0000


Started GET "/assets/turbolinks.js?body=1" for 10.0.2.2 at 2013-08-06 14:09:05 +0000


Started GET "/assets/posts.js?body=1" for 10.0.2.2 at 2013-08-06 14:09:05 +0000


Started GET "/assets/jquery.js?body=1" for 10.0.2.2 at 2013-08-06 14:09:05 +0000


Started GET "/assets/welcome.css?body=1" for 10.0.2.2 at 2013-08-06 14:09:05 +0000


Started GET "/assets/application.js?body=1" for 10.0.2.2 at 2013-08-06 14:09:05 +0000


Started GET "/assets/welcome.js?body=1" for 10.0.2.2 at 2013-08-06 14:09:05 +0000


Started GET "/posts/new" for 10.0.2.2 at 2013-08-06 14:09:10 +0000
Processing by PostsController#new as HTML
  Rendered posts/new.html.erb within layouts/application (1.6ms)
Completed 200 OK in 63ms (Views: 62.0ms | ActiveRecord: 0.0ms)


Started GET "/assets/jquery_ujs.js?body=1" for 10.0.2.2 at 2013-08-06 14:09:10 +0000


Started GET "/assets/posts.css?body=1" for 10.0.2.2 at 2013-08-06 14:09:10 +0000


Started GET "/assets/turbolinks.js?body=1" for 10.0.2.2 at 2013-08-06 14:09:10 +0000


Started GET "/assets/application.css?body=1" for 10.0.2.2 at 2013-08-06 14:09:10 +0000


Started GET "/assets/welcome.css?body=1" for 10.0.2.2 at 2013-08-06 14:09:10 +0000


Started GET "/assets/jquery.js?body=1" for 10.0.2.2 at 2013-08-06 14:09:10 +0000


Started GET "/assets/posts.js?body=1" for 10.0.2.2 at 2013-08-06 14:09:10 +0000


Started GET "/assets/application.js?body=1" for 10.0.2.2 at 2013-08-06 14:09:10 +0000


Started GET "/assets/welcome.js?body=1" for 10.0.2.2 at 2013-08-06 14:09:10 +0000
  [1m[36m (3.2ms)[0m  [1mCREATE TABLE "schema_migrations" ("version" varchar(255) NOT NULL) [0m
  [1m[35m (3.2ms)[0m  CREATE UNIQUE INDEX "unique_schema_migrations" ON "schema_migrations" ("version")
  [1m[36mActiveRecord::SchemaMigration Load (0.8ms)[0m  [1mSELECT "schema_migrations".* FROM "schema_migrations"[0m
Migrating to CreatePosts (20130807082118)
  [1m[35m (0.1ms)[0m  begin transaction
  [1m[36m (2.3ms)[0m  [1mCREATE TABLE "posts" ("id" INTEGER PRIMARY KEY AUTOINCREMENT NOT NULL, "title" varchar(255), "text" text, "created_at" datetime, "updated_at" datetime) [0m
  [1m[35mSQL (1.0ms)[0m  INSERT INTO "schema_migrations" ("version") VALUES (?)  [["version", "20130807082118"]]
  [1m[36m (2.3ms)[0m  [1mcommit transaction[0m
  [1m[35mActiveRecord::SchemaMigration Load (0.8ms)[0m  SELECT "schema_migrations".* FROM "schema_migrations"
